<?xml version="1.0" encoding="UTF-8"?>
<!-- Generated by org.testng.reporters.JUnitReportReporter -->
<testsuite hostname="DESKTOP-2C4J7I5" name="com.project.testcases.dummy" tests="1" failures="0" timestamp="7 Nov 2020 08:55:21 GMT" time="0.001" errors="0">
  <testcase name="dummy1" time="0.001" classname="com.project.testcases.dummy"/>
</testsuite> <!-- com.project.testcases.dummy -->
