<?xml version="1.0" encoding="UTF-8"?>
<!-- Generated by org.testng.reporters.JUnitReportReporter -->
<testsuite hostname="DESKTOP-2C4J7I5" name="com.project.testcases.test" tests="1" failures="0" timestamp="4 Nov 2020 04:13:21 GMT" time="0.012" errors="0">
  <testcase name="readDataLineByLine" time="0.012" classname="com.project.testcases.test"/>
</testsuite> <!-- com.project.testcases.test -->
