<?xml version="1.0" encoding="UTF-8"?>
<!-- Generated by org.testng.reporters.JUnitReportReporter -->
<testsuite hostname="DESKTOP-2C4J7I5" name="com.project.testcases.Account_2" tests="1" failures="0" timestamp="6 Nov 2020 18:40:18 GMT" time="32.092" errors="0">
  <testcase name="RegisterAccount" time="32.092" classname="com.project.testcases.Account_2"/>
</testsuite> <!-- com.project.testcases.Account_2 -->
