<?xml version="1.0" encoding="UTF-8"?>
<!-- Generated by org.testng.reporters.JUnitReportReporter -->
<testsuite hostname="DESKTOP-2C4J7I5" name="com.project.testcases.LogOff" tests="1" failures="0" timestamp="8 Nov 2020 18:28:39 GMT" time="28.480" errors="0">
  <testcase name="Logoff" time="28.480" classname="com.project.testcases.LogOff"/>
</testsuite> <!-- com.project.testcases.LogOff -->
