<?xml version="1.0" encoding="UTF-8"?>
<!-- Generated by org.testng.reporters.JUnitReportReporter -->
<testsuite hostname="DESKTOP-2C4J7I5" name="com.project.testcases.LogOff" tests="1" failures="0" timestamp="7 Nov 2020 18:50:18 GMT" time="21.916" errors="0">
  <testcase name="Logoff" time="21.916" classname="com.project.testcases.LogOff"/>
</testsuite> <!-- com.project.testcases.LogOff -->
