<?xml version="1.0" encoding="UTF-8"?>
<!-- Generated by org.testng.reporters.JUnitReportReporter -->
<testsuite hostname="DESKTOP-2C4J7I5" name="com.project.testcases.Signin_Invalid" tests="3" failures="0" timestamp="9 Nov 2020 08:32:59 GMT" time="57.549" errors="0">
  <testcase name="SignInInvalid" time="19.474" classname="com.project.testcases.Signin_Invalid"/>
  <testcase name="SignInInvalid" time="18.517" classname="com.project.testcases.Signin_Invalid"/>
  <testcase name="SignInInvalid" time="19.558" classname="com.project.testcases.Signin_Invalid"/>
</testsuite> <!-- com.project.testcases.Signin_Invalid -->
