<?xml version="1.0" encoding="UTF-8"?>
<!-- Generated by org.testng.reporters.JUnitReportReporter -->
<testsuite hostname="DESKTOP-2C4J7I5" name="com.project.testcases.Search" tests="1" failures="0" timestamp="7 Nov 2020 11:47:18 GMT" time="17.885" errors="0">
  <testcase name="SearctTestCase" time="17.885" classname="com.project.testcases.Search"/>
</testsuite> <!-- com.project.testcases.Search -->
