<?xml version="1.0" encoding="UTF-8"?>
<!-- Generated by org.testng.reporters.JUnitReportReporter -->
<testsuite hostname="DESKTOP-2C4J7I5" name="com.project.testcases.SignInValid" tests="2" failures="0" timestamp="5 Nov 2020 13:20:57 GMT" time="50.462" errors="0">
  <testcase name="SignIn" time="25.106" classname="com.project.testcases.SignInValid"/>
  <testcase name="SignIn" time="25.356" classname="com.project.testcases.SignInValid"/>
</testsuite> <!-- com.project.testcases.SignInValid -->
