<?xml version="1.0" encoding="UTF-8"?>
<!-- Generated by org.testng.reporters.JUnitReportReporter -->
<testsuite hostname="DESKTOP-2C4J7I5" name="com.project.testcases.Search" tests="1" failures="0" timestamp="9 Nov 2020 14:23:17 GMT" time="44.735" errors="0">
  <testcase name="SearctTestCase" time="44.735" classname="com.project.testcases.Search"/>
</testsuite> <!-- com.project.testcases.Search -->
