<?xml version="1.0" encoding="UTF-8"?>
<!-- Generated by org.testng.reporters.JUnitReportReporter -->
<testsuite hostname="DESKTOP-2C4J7I5" name="com.project.testcases.ShareProduct_Facebook" tests="1" failures="0" timestamp="8 Nov 2020 18:28:39 GMT" time="25.428" errors="0">
  <testcase name="ShareProductFacebook" time="25.428" classname="com.project.testcases.ShareProduct_Facebook"/>
</testsuite> <!-- com.project.testcases.ShareProduct_Facebook -->
