<?xml version="1.0" encoding="UTF-8"?>
<!-- Generated by org.testng.reporters.JUnitReportReporter -->
<testsuite hostname="DESKTOP-2C4J7I5" name="com.project.testcases.Signin_Valid" tests="1" failures="0" timestamp="8 Nov 2020 18:40:57 GMT" time="38.434" errors="0">
  <testcase name="SignIn" time="38.434" classname="com.project.testcases.Signin_Valid"/>
</testsuite> <!-- com.project.testcases.Signin_Valid -->
