<?xml version="1.0" encoding="UTF-8"?>
<!-- Generated by org.testng.reporters.JUnitReportReporter -->
<testsuite hostname="DESKTOP-2C4J7I5" name="com.project.testcases.Search" tests="1" failures="0" timestamp="9 Nov 2020 08:48:54 GMT" time="21.473" errors="0">
  <testcase name="SearctTestCase" time="21.473" classname="com.project.testcases.Search"/>
</testsuite> <!-- com.project.testcases.Search -->
