<?xml version="1.0" encoding="UTF-8"?>
<!-- Generated by org.testng.reporters.JUnitReportReporter -->
<testsuite hostname="DESKTOP-2C4J7I5" name="com.project.testcases.Signin_Invalid" tests="3" failures="0" timestamp="7 Nov 2020 18:20:55 GMT" time="89.241" errors="0">
  <testcase name="SignInInvalid" time="32.652" classname="com.project.testcases.Signin_Invalid"/>
  <testcase name="SignInInvalid" time="32.961" classname="com.project.testcases.Signin_Invalid"/>
  <testcase name="SignInInvalid" time="23.628" classname="com.project.testcases.Signin_Invalid"/>
</testsuite> <!-- com.project.testcases.Signin_Invalid -->
