<?xml version="1.0" encoding="UTF-8"?>
<!-- Generated by org.testng.reporters.JUnitReportReporter -->
<testsuite hostname="DESKTOP-2C4J7I5" name="com.project.testcases.ShareProduct_GooglePlus" tests="1" failures="0" timestamp="6 Nov 2020 07:28:25 GMT" time="30.544" errors="0">
  <testcase name="ShareProductGooglePlus" time="30.544" classname="com.project.testcases.ShareProduct_GooglePlus"/>
</testsuite> <!-- com.project.testcases.ShareProduct_GooglePlus -->
