<?xml version="1.0" encoding="UTF-8"?>
<!-- Generated by org.testng.reporters.JUnitReportReporter -->
<testsuite hostname="DESKTOP-2C4J7I5" name="com.project.testcases.Account_2" tests="1" failures="0" timestamp="9 Nov 2020 03:56:05 GMT" time="28.515" errors="0">
  <testcase name="RegisterAccount" time="28.515" classname="com.project.testcases.Account_2"/>
</testsuite> <!-- com.project.testcases.Account_2 -->
