<?xml version="1.0" encoding="UTF-8"?>
<!-- Generated by org.testng.reporters.JUnitReportReporter -->
<testsuite hostname="DESKTOP-2C4J7I5" name="com.project.testcases.Manufacturers" tests="1" failures="0" timestamp="9 Nov 2020 15:57:45 GMT" time="21.911" errors="0">
  <testcase name="SearctTestCase" time="21.911" classname="com.project.testcases.Manufacturers"/>
</testsuite> <!-- com.project.testcases.Manufacturers -->
