<?xml version="1.0" encoding="UTF-8"?>
<!-- Generated by org.testng.reporters.JUnitReportReporter -->
<testsuite hostname="DESKTOP-2C4J7I5" name="com.project.testcases.Search" tests="1" failures="0" timestamp="9 Nov 2020 15:24:46 GMT" time="23.610" errors="0">
  <testcase name="SearctTestCase" time="23.610" classname="com.project.testcases.Search"/>
</testsuite> <!-- com.project.testcases.Search -->
