<?xml version="1.0" encoding="UTF-8"?>
<!-- Generated by org.testng.reporters.JUnitReportReporter -->
<testsuite hostname="DESKTOP-2C4J7I5" name="com.project.testcases.Signin_Invalid" tests="3" failures="0" timestamp="9 Nov 2020 15:24:46 GMT" time="182.683" errors="0">
  <testcase name="SignInInvalid" time="31.221" classname="com.project.testcases.Signin_Invalid"/>
  <testcase name="SignInInvalid" time="38.261" classname="com.project.testcases.Signin_Invalid"/>
  <testcase name="SignInInvalid" time="113.201" classname="com.project.testcases.Signin_Invalid"/>
</testsuite> <!-- com.project.testcases.Signin_Invalid -->
