<?xml version="1.0" encoding="UTF-8"?>
<!-- Generated by org.testng.reporters.JUnitReportReporter -->
<testsuite hostname="DESKTOP-2C4J7I5" name="com.project.testcases.ShareProduct_Pinterest" tests="1" failures="0" timestamp="9 Nov 2020 15:24:46 GMT" time="28.352" errors="0">
  <testcase name="ShareProductPinIt" time="28.352" classname="com.project.testcases.ShareProduct_Pinterest"/>
</testsuite> <!-- com.project.testcases.ShareProduct_Pinterest -->
