<?xml version="1.0" encoding="UTF-8"?>
<!-- Generated by org.testng.reporters.JUnitReportReporter -->
<testsuite hostname="DESKTOP-2C4J7I5" name="com.project.testcases.Account_1" tests="1" failures="0" timestamp="9 Nov 2020 15:24:46 GMT" time="52.539" errors="0">
  <testcase name="RegisterAccount" time="52.539" classname="com.project.testcases.Account_1"/>
</testsuite> <!-- com.project.testcases.Account_1 -->
